<?xml version="1.0" encoding="UTF-8"?>
<!-- Generated by org.testng.reporters.JUnitReportReporter -->
<testsuite skipped="0" hostname="Dell-Rajat" name="com.test.DemoTest" tests="1" failures="0" timestamp="2020-05-09T18:12:35 IST" time="0.042" errors="0">
  <testcase name="demo" time="0.042" classname="com.test.DemoTest"/>
  <system-out/>
</testsuite> <!-- com.test.DemoTest -->
